<?xml version="1.0" encoding="UTF-8"?>
<!-- Generated by org.testng.reporters.JUnitXMLReporter -->
<testsuite ignored="0" hostname="DESKTOP-UDLAN01" failures="1" tests="2" name="Error Validations Test " time="15.012" errors="0" timestamp="2024-01-11T12:42:06 GMT">
  <testcase classname="akSelenium.tests.ErrorValidationsTest" name="VerifyError" time="1.61">
    <failure type="java.lang.AssertionError" message="expected [Incorrect email or password.] but found [Incorrect email  password.]">
      <![CDATA[java.lang.AssertionError: expected [Incorrect email or password.] but found [Incorrect email  password.]
at akSelenium.tests.ErrorValidationsTest.VerifyError(ErrorValidationsTest.java:22)
at java.base/java.util.ArrayList.forEach(ArrayList.java:1596)
... Removed 31 stack frames]]>
    </failure>
  </testcase> <!-- VerifyError -->
  <testcase classname="akSelenium.tests.ErrorValidationsTest" name="cartErrorValidation" time="4.086"/>
</testsuite> <!-- Error Validations Test  -->
