<?xml version="1.0" encoding="UTF-8"?>
<testng-results ignored="0" total="2" passed="0" failed="2" skipped="0">
  <reporter-output>
  </reporter-output>
  <suite started-at="2024-01-11T19:37:23 GMT" name="Default suite" finished-at="2024-01-11T19:37:42 GMT" duration-ms="18619">
    <groups>
    </groups>
    <test started-at="2024-01-11T19:37:23 GMT" name="Default test" finished-at="2024-01-11T19:37:42 GMT" duration-ms="18619">
      <class name="akSelenium.tests.DeleteFromCart">
        <test-method is-config="true" signature="launchApplication()[pri:0, instance:akSelenium.tests.DeleteFromCart@5fdcaa40]" started-at="2024-01-11T19:37:24 GMT" name="launchApplication" finished-at="2024-01-11T19:37:29 GMT" duration-ms="5239" status="PASS">
          <reporter-output>
          </reporter-output>
        </test-method> <!-- launchApplication -->
        <test-method signature="DeletefromCart(java.util.HashMap)[pri:0, instance:akSelenium.tests.DeleteFromCart@5fdcaa40]" started-at="2024-01-11T19:37:29 GMT" name="DeletefromCart" data-provider="getData" finished-at="2024-01-11T19:37:33 GMT" duration-ms="4163" status="FAIL">
          <params>
            <param index="0">
              <value>
                <![CDATA[{password=Test@1234, product=ZARA COAT 3, email=atul721@gmail.com}]]>
              </value>
            </param>
          </params>
          <exception class="java.lang.ClassCastException">
            <message>
              <![CDATA[class java.util.stream.ReferencePipeline$2 cannot be cast to class org.openqa.selenium.WebElement (java.util.stream.ReferencePipeline$2 is in module java.base of loader 'bootstrap'; org.openqa.selenium.WebElement is in unnamed module of loader 'app')]]>
            </message>
            <full-stacktrace>
              <![CDATA[java.lang.ClassCastException: class java.util.stream.ReferencePipeline$2 cannot be cast to class org.openqa.selenium.WebElement (java.util.stream.ReferencePipeline$2 is in module java.base of loader 'bootstrap'; org.openqa.selenium.WebElement is in unnamed module of loader 'app')
at akSelenium.pageobjects.CartPage.getCartProd(CartPage.java:47)
at akSelenium.pageobjects.CartPage.deleteProductfromCart(CartPage.java:52)
at akSelenium.tests.DeleteFromCart.DeletefromCart(DeleteFromCart.java:43)
at java.base/jdk.internal.reflect.DirectMethodHandleAccessor.invoke(DirectMethodHandleAccessor.java:103)
at java.base/java.lang.reflect.Method.invoke(Method.java:580)
at org.testng.internal.MethodInvocationHelper.invokeMethod(MethodInvocationHelper.java:133)
at org.testng.internal.TestInvoker.invokeMethod(TestInvoker.java:598)
at org.testng.internal.TestInvoker.invokeTestMethod(TestInvoker.java:173)
at org.testng.internal.MethodRunner.runInSequence(MethodRunner.java:46)
at org.testng.internal.TestInvoker$MethodInvocationAgent.invoke(TestInvoker.java:824)
at org.testng.internal.TestInvoker.invokeTestMethods(TestInvoker.java:146)
at org.testng.internal.TestMethodWorker.invokeTestMethods(TestMethodWorker.java:146)
at org.testng.internal.TestMethodWorker.run(TestMethodWorker.java:128)
at java.base/java.util.ArrayList.forEach(ArrayList.java:1596)
at org.testng.TestRunner.privateRun(TestRunner.java:794)
at org.testng.TestRunner.run(TestRunner.java:596)
at org.testng.SuiteRunner.runTest(SuiteRunner.java:377)
at org.testng.SuiteRunner.runSequentially(SuiteRunner.java:371)
at org.testng.SuiteRunner.privateRun(SuiteRunner.java:332)
at org.testng.SuiteRunner.run(SuiteRunner.java:276)
at org.testng.SuiteRunnerWorker.runSuite(SuiteRunnerWorker.java:53)
at org.testng.SuiteRunnerWorker.run(SuiteRunnerWorker.java:96)
at org.testng.TestNG.runSuitesSequentially(TestNG.java:1212)
at org.testng.TestNG.runSuitesLocally(TestNG.java:1134)
at org.testng.TestNG.runSuites(TestNG.java:1063)
at org.testng.TestNG.run(TestNG.java:1031)
at org.testng.remote.AbstractRemoteTestNG.run(AbstractRemoteTestNG.java:115)
at org.testng.remote.RemoteTestNG.initAndRun(RemoteTestNG.java:251)
at org.testng.remote.RemoteTestNG.main(RemoteTestNG.java:77)
]]>
            </full-stacktrace>
          </exception> <!-- java.lang.ClassCastException -->
          <reporter-output>
          </reporter-output>
        </test-method> <!-- DeletefromCart -->
        <test-method is-config="true" signature="closeBrowser()[pri:0, instance:akSelenium.tests.DeleteFromCart@5fdcaa40]" started-at="2024-01-11T19:37:33 GMT" name="closeBrowser" finished-at="2024-01-11T19:37:33 GMT" duration-ms="174" status="PASS">
          <reporter-output>
          </reporter-output>
        </test-method> <!-- closeBrowser -->
        <test-method is-config="true" signature="launchApplication()[pri:0, instance:akSelenium.tests.DeleteFromCart@5fdcaa40]" started-at="2024-01-11T19:37:33 GMT" name="launchApplication" finished-at="2024-01-11T19:37:38 GMT" duration-ms="4582" status="PASS">
          <reporter-output>
          </reporter-output>
        </test-method> <!-- launchApplication -->
        <test-method signature="DeletefromCart(java.util.HashMap)[pri:0, instance:akSelenium.tests.DeleteFromCart@5fdcaa40]" started-at="2024-01-11T19:37:38 GMT" name="DeletefromCart" data-provider="getData" finished-at="2024-01-11T19:37:42 GMT" duration-ms="3899" status="FAIL">
          <params>
            <param index="0">
              <value>
                <![CDATA[{password=Test@1234, product=ADIDAS ORIGINAL, email=daksha@gmail.com}]]>
              </value>
            </param>
          </params>
          <exception class="java.lang.ClassCastException">
            <message>
              <![CDATA[class java.util.stream.ReferencePipeline$2 cannot be cast to class org.openqa.selenium.WebElement (java.util.stream.ReferencePipeline$2 is in module java.base of loader 'bootstrap'; org.openqa.selenium.WebElement is in unnamed module of loader 'app')]]>
            </message>
            <full-stacktrace>
              <![CDATA[java.lang.ClassCastException: class java.util.stream.ReferencePipeline$2 cannot be cast to class org.openqa.selenium.WebElement (java.util.stream.ReferencePipeline$2 is in module java.base of loader 'bootstrap'; org.openqa.selenium.WebElement is in unnamed module of loader 'app')
at akSelenium.pageobjects.CartPage.getCartProd(CartPage.java:47)
at akSelenium.pageobjects.CartPage.deleteProductfromCart(CartPage.java:52)
at akSelenium.tests.DeleteFromCart.DeletefromCart(DeleteFromCart.java:43)
at java.base/jdk.internal.reflect.DirectMethodHandleAccessor.invoke(DirectMethodHandleAccessor.java:103)
at java.base/java.lang.reflect.Method.invoke(Method.java:580)
at org.testng.internal.MethodInvocationHelper.invokeMethod(MethodInvocationHelper.java:133)
at org.testng.internal.TestInvoker.invokeMethod(TestInvoker.java:598)
at org.testng.internal.TestInvoker.invokeTestMethod(TestInvoker.java:173)
at org.testng.internal.MethodRunner.runInSequence(MethodRunner.java:46)
at org.testng.internal.TestInvoker$MethodInvocationAgent.invoke(TestInvoker.java:824)
at org.testng.internal.TestInvoker.invokeTestMethods(TestInvoker.java:146)
at org.testng.internal.TestMethodWorker.invokeTestMethods(TestMethodWorker.java:146)
at org.testng.internal.TestMethodWorker.run(TestMethodWorker.java:128)
at java.base/java.util.ArrayList.forEach(ArrayList.java:1596)
at org.testng.TestRunner.privateRun(TestRunner.java:794)
at org.testng.TestRunner.run(TestRunner.java:596)
at org.testng.SuiteRunner.runTest(SuiteRunner.java:377)
at org.testng.SuiteRunner.runSequentially(SuiteRunner.java:371)
at org.testng.SuiteRunner.privateRun(SuiteRunner.java:332)
at org.testng.SuiteRunner.run(SuiteRunner.java:276)
at org.testng.SuiteRunnerWorker.runSuite(SuiteRunnerWorker.java:53)
at org.testng.SuiteRunnerWorker.run(SuiteRunnerWorker.java:96)
at org.testng.TestNG.runSuitesSequentially(TestNG.java:1212)
at org.testng.TestNG.runSuitesLocally(TestNG.java:1134)
at org.testng.TestNG.runSuites(TestNG.java:1063)
at org.testng.TestNG.run(TestNG.java:1031)
at org.testng.remote.AbstractRemoteTestNG.run(AbstractRemoteTestNG.java:115)
at org.testng.remote.RemoteTestNG.initAndRun(RemoteTestNG.java:251)
at org.testng.remote.RemoteTestNG.main(RemoteTestNG.java:77)
]]>
            </full-stacktrace>
          </exception> <!-- java.lang.ClassCastException -->
          <reporter-output>
          </reporter-output>
        </test-method> <!-- DeletefromCart -->
        <test-method is-config="true" signature="closeBrowser()[pri:0, instance:akSelenium.tests.DeleteFromCart@5fdcaa40]" started-at="2024-01-11T19:37:42 GMT" name="closeBrowser" finished-at="2024-01-11T19:37:42 GMT" duration-ms="173" status="PASS">
          <reporter-output>
          </reporter-output>
        </test-method> <!-- closeBrowser -->
      </class> <!-- akSelenium.tests.DeleteFromCart -->
    </test> <!-- Default test -->
  </suite> <!-- Default suite -->
</testng-results>
